<?xml version="1.0" encoding="UTF-8"?>
<!-- Generated by org.testng.reporters.JUnitReportReporter -->
<testsuite hostname="DESKTOP-JMN770U" failures="0" tests="4" name="TestCases.CarNameAndPriceTest" time="44.148" errors="0" timestamp="09 Sep 2023 07:01:01 GMT" skipped="0">
  <testcase classname="TestCases.CarNameAndPriceTest" name="carNameAndPrice" time="16.574"/>
  <testcase classname="TestCases.CarNameAndPriceTest" name="carNameAndPrice" time="9.734"/>
  <testcase classname="TestCases.CarNameAndPriceTest" name="carNameAndPrice" time="9.083"/>
  <testcase classname="TestCases.CarNameAndPriceTest" name="carNameAndPrice" time="8.757"/>
</testsuite> <!-- TestCases.CarNameAndPriceTest -->
