<?xml version="1.0" encoding="UTF-8"?>
<!-- Generated by org.testng.reporters.JUnitReportReporter -->
<testsuite hostname="DESKTOP-JMN770U" failures="0" tests="4" name="TestCases.FindNewCarsTest" time="0.030" errors="0" timestamp="09 Sep 2023 07:01:01 GMT" skipped="4">
  <testcase classname="TestCases.FindNewCarsTest" name="findNewCarTest" time="0.007">
    <skipped/>
  </testcase> <!-- findNewCarTest -->
  <testcase classname="TestCases.FindNewCarsTest" name="findNewCarTest" time="0.003">
    <skipped/>
  </testcase> <!-- findNewCarTest -->
  <testcase classname="TestCases.FindNewCarsTest" name="findNewCarTest" time="0.003">
    <skipped/>
  </testcase> <!-- findNewCarTest -->
  <testcase classname="TestCases.FindNewCarsTest" name="findNewCarTest" time="0.017">
    <skipped/>
  </testcase> <!-- findNewCarTest -->
</testsuite> <!-- TestCases.FindNewCarsTest -->
